<?xml version="1.0" encoding="UTF-8"?>
<testsuite xmlns:xsi="http://www.w3.org/2001/XMLSchema-instance" xsi:noNamespaceSchemaLocation="https://maven.apache.org/surefire/maven-surefire-plugin/xsd/surefire-test-report-3.0.xsd" version="3.0" name="TestSuite" time="40.95" tests="1" errors="0" skipped="0" failures="0">
  <properties>
[...]
</properties>
  <testcase name="runScenario[&quot;Validate WordPress functionality&quot;, &quot;WordPress Website Validation&quot;](1)" classname="runner.TestRunner" time="40.345">
    <system-out><![CDATA[
Scenario: Validate WordPress functionality            &amp#27;[90m# src/test/resources/features/wordpress.feature:3&amp#27;[0m
  &amp#27;[32mGiven &amp#27;[0m&amp#27;[32mUser launches wordpress website&amp#27;[0m               &amp#27;[90m# stepdefinitions.WordPressSteps.launchWebsite()&amp#27;[0m
  &amp#27;[32mThen &amp#27;[0m&amp#27;[32mVerify homepage title&amp#27;[0m                          &amp#27;[90m# stepdefinitions.WordPressSteps.verifyTitle()&amp#27;[0m
  &amp#27;[32mWhen &amp#27;[0m&amp#27;[32mUser hover Extend and click Get WordPress&amp#27;[0m      &amp#27;[90m# stepdefinitions.WordPressSteps.hoverExtendGetWordPress()&amp#27;[0m
  &amp#27;[32mThen &amp#27;[0m&amp#27;[32mVerify header text as &amp#27;[0m&amp#27;[32m&amp#27;[1m"Get WordPress"&amp#27;[0m          &amp#27;[90m# stepdefinitions.WordPressSteps.verifyHeaderText(java.lang.String)&amp#27;[0m
  &amp#27;[32mWhen &amp#27;[0m&amp#27;[32mUser hover Community and click Photo Directory&amp#27;[0m &amp#27;[90m# stepdefinitions.WordPressSteps.hoverCommunityPhotoDirectory()&amp#27;[0m
  &amp#27;[32mAnd &amp#27;[0m&amp#27;[32mUser searches for &amp#27;[0m&amp#27;[32m&amp#27;[1m"nature"&amp#27;[0m                      &amp#27;[90m# stepdefinitions.WordPressSteps.searchPhoto(java.lang.String)&amp#27;[0m
  &amp#27;[32mThen &amp#27;[0m&amp#27;[32mVerify photos are displayed&amp#27;[0m                    &amp#27;[90m# stepdefinitions.WordPressSteps.verifyPhotos()&amp#27;[0m
]]></system-out>
    <system-err><![CDATA[SLF4J: Failed to load class "org.slf4j.impl.StaticLoggerBinder".
SLF4J: Defaulting to no-operation (NOP) logger implementation
SLF4J: See http://www.slf4j.org/codes.html#StaticLoggerBinder for further details.
Mar 05, 2026 2:39:21 PM org.openqa.selenium.devtools.CdpVersionFinder findNearestMatch
WARNING: Unable to find CDP implementation matching 145
Mar 05, 2026 2:39:21 PM org.openqa.selenium.chromium.ChromiumDriver lambda$new$5
WARNING: Unable to find version of CDP to use for 145.0.7632.119. You may need to include a dependency on a specific version of the CDP using something similar to `org.seleniumhq.selenium:selenium-devtools-v86:4.21.0` where the version ("v86") matches the version of the chromium-based browser you're using and the version number of the artifact is the same as Selenium's.
]]></system-err>
  </testcase>
</testsuite>